Downloading: nvd-clojure/nvd-clojure/maven-metadata.xml from clojars
Downloading: nvd-clojure/nvd-clojure/3.4.0/nvd-clojure-3.4.0.pom from clojars
Downloading: org/slf4j/slf4j-simple/2.0.7/slf4j-simple-2.0.7.pom from central
Downloading: org/owasp/dependency-check-core/8.4.0/dependency-check-core-8.4.0.pom from central
Downloading: org/owasp/dependency-check-parent/8.4.0/dependency-check-parent-8.4.0.pom from central
Downloading: com/fasterxml/jackson/jackson-bom/2.15.2/jackson-bom-2.15.2.pom from central
Downloading: clansi/clansi/1.0.0/clansi-1.0.0.pom from clojars
Downloading: com/fasterxml/jackson/jackson-parent/2.15/jackson-parent-2.15.pom from central
Downloading: com/fasterxml/oss-parent/50/oss-parent-50.pom from central
Downloading: trptcolin/versioneer/0.2.0/versioneer-0.2.0.pom from clojars
Downloading: rm-hull/table/0.7.1/table-0.7.1.pom from clojars
Downloading: com/fasterxml/jackson/core/jackson-databind/2.15.2/jackson-databind-2.15.2.pom from central
Downloading: com/fasterxml/jackson/core/jackson-annotations/2.15.2/jackson-annotations-2.15.2.pom from central
Downloading: com/fasterxml/jackson/jackson-base/2.15.2/jackson-base-2.15.2.pom from central
Downloading: org/junit/junit-bom/5.9.2/junit-bom-5.9.2.pom from central
Downloading: com/fasterxml/jackson/core/jackson-core/2.15.2/jackson-core-2.15.2.pom from central
Downloading: com/fasterxml/jackson/module/jackson-module-afterburner/2.15.2/jackson-module-afterburner-2.15.2.pom from central
Downloading: org/apache/maven/resolver/maven-resolver-transport-http/1.9.15/maven-resolver-transport-http-1.9.15.pom from central
Downloading: com/fasterxml/jackson/module/jackson-modules-base/2.15.2/jackson-modules-base-2.15.2.pom from central
Downloading: org/apache/maven/resolver/maven-resolver/1.9.15/maven-resolver-1.9.15.pom from central
Downloading: org/apache/maven/maven-parent/40/maven-parent-40.pom from central
Downloading: org/apache/apache/30/apache-30.pom from central
Downloading: org/apache/maven/maven-core/3.9.4/maven-core-3.9.4.pom from central
Downloading: org/apache/maven/maven/3.9.4/maven-3.9.4.pom from central
Downloading: org/yaml/snakeyaml/2.1/snakeyaml-2.1.pom from central
Downloading: org/apache/maven/resolver/maven-resolver-spi/1.9.15/maven-resolver-spi-1.9.15.pom from central
Downloading: org/eclipse/jetty/jetty-client/12.0.0/jetty-client-12.0.0.pom from central
Downloading: org/eclipse/jetty/jetty-core/12.0.0/jetty-core-12.0.0.pom from central
Downloading: org/apache/maven/resolver/maven-resolver-api/1.9.15/maven-resolver-api-1.9.15.pom from central
Downloading: org/eclipse/jetty/jetty-project/12.0.0/jetty-project-12.0.0.pom from central
Downloading: org/apache/maven/resolver/maven-resolver-util/1.9.15/maven-resolver-util-1.9.15.pom from central
Downloading: org/apache/maven/resolver/maven-resolver-impl/1.9.15/maven-resolver-impl-1.9.15.pom from central
Downloading: org/infinispan/infinispan-bom/11.0.17.Final/infinispan-bom-11.0.17.Final.pom from central
Downloading: org/apache/maven/maven-resolver-provider/3.9.4/maven-resolver-provider-3.9.4.pom from central
Downloading: org/infinispan/infinispan-build-configuration-parent/11.0.17.Final/infinispan-build-configuration-parent-11.0.17.Final.pom from central
Downloading: org/junit/junit-bom/5.9.3/junit-bom-5.9.3.pom from central
Downloading: org/codehaus/plexus/plexus-utils/4.0.0/plexus-utils-4.0.0.pom from central
Downloading: org/ow2/asm/asm-bom/9.5/asm-bom-9.5.pom from central
Downloading: org/codehaus/plexus/plexus/13/plexus-13.pom from central
Downloading: org/testcontainers/testcontainers-bom/1.18.3/testcontainers-bom-1.18.3.pom from central
Downloading: org/whitesource/pecoff4j/0.0.2.1/pecoff4j-0.0.2.1.pom from central
Downloading: org/anarres/jdiagnostics/jdiagnostics/1.0.7/jdiagnostics-1.0.7.pom from central
Downloading: org/apache/commons/commons-jcs-core/2.2.1/commons-jcs-core-2.2.1.pom from central
Downloading: com/github/package-url/packageurl-java/1.4.1/packageurl-java-1.4.1.pom from central
Downloading: org/apache/commons/commons-jcs/2.2.1/commons-jcs-2.2.1.pom from central
Downloading: us/springett/cpe-parser/2.0.2/cpe-parser-2.0.2.pom from central
Downloading: org/apache/commons/commons-parent/47/commons-parent-47.pom from central
Downloading: org/semver4j/semver4j/5.1.0/semver4j-5.1.0.pom from central
Downloading: org/apache/apache/19/apache-19.pom from central
Downloading: org/owasp/dependency-check-utils/8.4.0/dependency-check-utils-8.4.0.pom from central
Downloading: org/apache/commons/commons-collections4/4.4/commons-collections4-4.4.pom from central
Downloading: org/apache/commons/commons-compress/1.23.0/commons-compress-1.23.0.pom from central
Downloading: org/apache/commons/commons-parent/48/commons-parent-48.pom from central
Downloading: org/apache/commons/commons-parent/56/commons-parent-56.pom from central
Downloading: org/apache/commons/commons-lang3/3.13.0/commons-lang3-3.13.0.pom from central
Downloading: commons-io/commons-io/2.13.0/commons-io-2.13.0.pom from central
Downloading: org/apache/commons/commons-parent/58/commons-parent-58.pom from central
Downloading: org/apache/commons/commons-text/1.10.0/commons-text-1.10.0.pom from central
Downloading: org/apache/commons/commons-dbcp2/2.9.0/commons-dbcp2-2.9.0.pom from central
Downloading: org/apache/commons/commons-parent/54/commons-parent-54.pom from central
Downloading: org/apache/lucene/lucene-core/8.11.2/lucene-core-8.11.2.pom from central
Downloading: org/apache/lucene/lucene-analyzers-common/8.11.2/lucene-analyzers-common-8.11.2.pom from central
Downloading: org/apache/lucene/lucene-parent/8.11.2/lucene-parent-8.11.2.pom from central
Downloading: org/apache/lucene/lucene-solr-grandparent/8.11.2/lucene-solr-grandparent-8.11.2.pom from central
Downloading: org/apache/lucene/lucene-queryparser/8.11.2/lucene-queryparser-8.11.2.pom from central
Downloading: org/apache/velocity/velocity-engine-core/2.3/velocity-engine-core-2.3.pom from central
Downloading: com/h2database/h2/2.1.214/h2-2.1.214.pom from central
Downloading: org/apache/velocity/velocity-engine-parent/2.3/velocity-engine-parent-2.3.pom from central
Downloading: org/glassfish/javax.json/1.1.4/javax.json-1.1.4.pom from central
Downloading: org/apache/velocity/velocity-master/4/velocity-master-4.pom from central
Downloading: org/glassfish/json/1.1.4/json-1.1.4.pom from central
Downloading: org/jsoup/jsoup/1.16.1/jsoup-1.16.1.pom from central
Downloading: com/fasterxml/jackson/module/jackson-module-blackbird/2.15.2/jackson-module-blackbird-2.15.2.pom from central
Downloading: com/fasterxml/jackson/dataformat/jackson-dataformat-yaml/2.15.2/jackson-dataformat-yaml-2.15.2.pom from central
Downloading: com/h3xstream/retirejs/retirejs-core/3.0.4/retirejs-core-3.0.4.pom from central
Downloading: com/fasterxml/jackson/dataformat/jackson-dataformats-text/2.15.2/jackson-dataformats-text-2.15.2.pom from central
Downloading: com/h3xstream/retirejs/retirejs-root-pom/3.0.4/retirejs-root-pom-3.0.4.pom from central
Downloading: org/sonatype/ossindex/ossindex-service-client/1.8.2/ossindex-service-client-1.8.2.pom from central
Downloading: com/google/guava/guava/32.1.2-jre/guava-32.1.2-jre.pom from central
Downloading: org/sonatype/ossindex/ossindex-service/1.8.2/ossindex-service-1.8.2.pom from central
Downloading: org/sonatype/buildsupport/public-parent/28/public-parent-28.pom from central
Downloading: com/google/guava/guava-parent/32.1.2-jre/guava-parent-32.1.2-jre.pom from central
Downloading: org/sonatype/buildsupport/buildsupport/28/buildsupport-28.pom from central
Downloading: com/moandjiezana/toml/toml4j/0.7.2/toml4j-0.7.2.pom from central
Downloading: org/sonatype/ossindex/ossindex-service-bom/1.8.2/ossindex-service-bom-1.8.2.pom from central
Downloading: com/hankcs/aho-corasick-double-array-trie/1.2.3/aho-corasick-double-array-trie-1.2.3.pom from central
Downloading: commons-validator/commons-validator/1.7/commons-validator-1.7.pom from central
Downloading: commons-beanutils/commons-beanutils/1.9.4/commons-beanutils-1.9.4.pom from central
Downloading: org/apache/commons/commons-parent/51/commons-parent-51.pom from central
Downloading: org/eclipse/packager/packager-rpm/0.19.0/packager-rpm-0.19.0.pom from central
Downloading: org/eclipse/packager/packager/0.19.0/packager-0.19.0.pom from central
Downloading: org/apache/httpcomponents/httpclient/4.5.14/httpclient-4.5.14.pom from central
Downloading: org/apache/httpcomponents/httpcore/4.4.16/httpcore-4.4.16.pom from central
Downloading: org/apache/httpcomponents/httpcomponents-client/4.5.14/httpcomponents-client-4.5.14.pom from central
Downloading: org/apache/httpcomponents/httpcomponents-core/4.4.16/httpcomponents-core-4.4.16.pom from central
Downloading: commons-codec/commons-codec/1.16.0/commons-codec-1.16.0.pom from central
Downloading: org/slf4j/jcl-over-slf4j/1.7.36/jcl-over-slf4j-1.7.36.pom from central
Downloading: org/apache/maven/maven-model/3.9.4/maven-model-3.9.4.pom from central
Downloading: org/apache/maven/maven-settings/3.9.4/maven-settings-3.9.4.pom from central
Downloading: org/apache/maven/maven-settings-builder/3.9.4/maven-settings-builder-3.9.4.pom from central
Downloading: org/apache/maven/maven-builder-support/3.9.4/maven-builder-support-3.9.4.pom from central
Downloading: org/apache/maven/maven-repository-metadata/3.9.4/maven-repository-metadata-3.9.4.pom from central
Downloading: org/apache/maven/maven-artifact/3.9.4/maven-artifact-3.9.4.pom from central
Downloading: org/apache/maven/maven-plugin-api/3.9.4/maven-plugin-api-3.9.4.pom from central
Downloading: org/apache/maven/maven-model-builder/3.9.4/maven-model-builder-3.9.4.pom from central
Downloading: com/google/inject/guice/5.1.0/guice-5.1.0.pom from central
Downloading: org/codehaus/plexus/plexus-classworlds/2.7.0/plexus-classworlds-2.7.0.pom from central
Downloading: com/google/inject/guice-parent/5.1.0/guice-parent-5.1.0.pom from central
Downloading: org/eclipse/jetty/jetty-http/12.0.0/jetty-http-12.0.0.pom from central
Downloading: org/eclipse/jetty/jetty-io/12.0.0/jetty-io-12.0.0.pom from central
Downloading: org/eclipse/jetty/jetty-alpn-client/12.0.0/jetty-alpn-client-12.0.0.pom from central
Downloading: org/eclipse/jetty/jetty-alpn/12.0.0/jetty-alpn-12.0.0.pom from central
Downloading: org/apache/maven/resolver/maven-resolver-named-locks/1.9.15/maven-resolver-named-locks-1.9.15.pom from central
Downloading: org/apache/commons/commons-pool2/2.10.0/commons-pool2-2.10.0.pom from central
Downloading: org/apache/lucene/lucene-queries/8.11.2/lucene-queries-8.11.2.pom from central
Downloading: org/junit/junit-bom/5.8.0-M1/junit-bom-5.8.0-M1.pom from central
Downloading: org/apache/lucene/lucene-sandbox/8.11.2/lucene-sandbox-8.11.2.pom from central
Downloading: com/vaadin/external/google/android-json/0.0.20131108.vaadin1/android-json-0.0.20131108.vaadin1.pom from central
Downloading: com/github/spullara/mustache/java/compiler/0.9.6/compiler-0.9.6.pom from central
Downloading: com/esotericsoftware/minlog/1.3.1/minlog-1.3.1.pom from central
Downloading: com/github/spullara/mustache/java/mustache.java/0.9.6/mustache.java-0.9.6.pom from central
Downloading: joda-time/joda-time/2.10.4/joda-time-2.10.4.pom from central
Downloading: org/sonatype/ossindex/ossindex-service-api/1.8.2/ossindex-service-api-1.8.2.pom from central
Downloading: com/google/code/gson/gson/2.9.0/gson-2.9.0.pom from central
Downloading: javax/xml/bind/jaxb-api/2.3.1/jaxb-api-2.3.1.pom from central
Downloading: com/google/code/gson/gson-parent/2.9.0/gson-parent-2.9.0.pom from central
Downloading: javax/xml/bind/jaxb-api-parent/2.3.1/jaxb-api-parent-2.3.1.pom from central
Downloading: org/checkerframework/checker-qual/3.33.0/checker-qual-3.33.0.pom from central
Downloading: com/google/errorprone/error_prone_annotations/2.18.0/error_prone_annotations-2.18.0.pom from central
Downloading: com/google/j2objc/j2objc-annotations/2.8/j2objc-annotations-2.8.pom from central
Downloading: com/google/errorprone/error_prone_parent/2.18.0/error_prone_parent-2.18.0.pom from central
Downloading: commons-digester/commons-digester/2.1/commons-digester-2.1.pom from central
Downloading: commons-collections/commons-collections/3.2.2/commons-collections-3.2.2.pom from central
Downloading: org/apache/commons/commons-parent/17/commons-parent-17.pom from central
Downloading: org/apache/apache/7/apache-7.pom from central
Downloading: org/apache/commons/commons-parent/39/commons-parent-39.pom from central
Downloading: org/apache/apache/16/apache-16.pom from central
Downloading: org/eclipse/packager/packager-core/0.19.0/packager-core-0.19.0.pom from central
Downloading: org/tukaani/xz/1.9/xz-1.9.pom from central
Downloading: javax/annotation/javax.annotation-api/1.2/javax.annotation-api-1.2.pom from central
Downloading: org/eclipse/jetty/jetty-util/12.0.0/jetty-util-12.0.0.pom from central
Downloading: org/sonatype/goodies/package-url-java/1.1.1/package-url-java-1.1.1.pom from central
Downloading: javax/ws/rs/javax.ws.rs-api/2.0.1/javax.ws.rs-api-2.0.1.pom from central
Downloading: org/sonatype/buildsupport/public-parent/13/public-parent-13.pom from central
Downloading: org/bouncycastle/bcprov-jdk18on/1.71/bcprov-jdk18on-1.71.pom from central
Downloading: org/sonatype/buildsupport/buildsupport/13/buildsupport-13.pom from central
Downloading: org/bouncycastle/bcpg-jdk18on/1.71/bcpg-jdk18on-1.71.pom from central
Downloading: joda-time/joda-time/2.10.4/joda-time-2.10.4.jar from central
Downloading: commons-codec/commons-codec/1.16.0/commons-codec-1.16.0.jar from central
Downloading: com/fasterxml/jackson/module/jackson-module-blackbird/2.15.2/jackson-module-blackbird-2.15.2.jar from central
Downloading: org/apache/commons/commons-compress/1.23.0/commons-compress-1.23.0.jar from central
Downloading: com/google/errorprone/error_prone_annotations/2.18.0/error_prone_annotations-2.18.0.jar from central
Downloading: org/apache/commons/commons-lang3/3.13.0/commons-lang3-3.13.0.jar from central
Downloading: commons-validator/commons-validator/1.7/commons-validator-1.7.jar from central
Downloading: com/esotericsoftware/minlog/1.3.1/minlog-1.3.1.jar from central
Downloading: org/tukaani/xz/1.9/xz-1.9.jar from central
Downloading: javax/annotation/javax.annotation-api/1.2/javax.annotation-api-1.2.jar from central
Downloading: org/bouncycastle/bcpg-jdk18on/1.71/bcpg-jdk18on-1.71.jar from central
Downloading: com/fasterxml/jackson/core/jackson-databind/2.15.2/jackson-databind-2.15.2.jar from central
Downloading: com/h3xstream/retirejs/retirejs-core/3.0.4/retirejs-core-3.0.4.jar from central
Downloading: com/google/inject/guice/5.1.0/guice-5.1.0.jar from central
Downloading: org/eclipse/jetty/jetty-alpn-client/12.0.0/jetty-alpn-client-12.0.0.jar from central
Downloading: org/eclipse/packager/packager-rpm/0.19.0/packager-rpm-0.19.0.jar from central
Downloading: org/eclipse/jetty/jetty-http/12.0.0/jetty-http-12.0.0.jar from central
Downloading: org/eclipse/jetty/jetty-util/12.0.0/jetty-util-12.0.0.jar from central
Downloading: commons-digester/commons-digester/2.1/commons-digester-2.1.jar from central
Downloading: org/slf4j/jcl-over-slf4j/1.7.36/jcl-over-slf4j-1.7.36.jar from central
Downloading: org/apache/commons/commons-pool2/2.10.0/commons-pool2-2.10.0.jar from central
Downloading: org/apache/commons/commons-dbcp2/2.9.0/commons-dbcp2-2.9.0.jar from central
Downloading: com/fasterxml/jackson/module/jackson-module-afterburner/2.15.2/jackson-module-afterburner-2.15.2.jar from central
Downloading: com/fasterxml/jackson/dataformat/jackson-dataformat-yaml/2.15.2/jackson-dataformat-yaml-2.15.2.jar from central
Downloading: org/anarres/jdiagnostics/jdiagnostics/1.0.7/jdiagnostics-1.0.7.jar from central
Downloading: clansi/clansi/1.0.0/clansi-1.0.0.jar from clojars
Downloading: org/apache/maven/resolver/maven-resolver-transport-http/1.9.15/maven-resolver-transport-http-1.9.15.jar from central
Downloading: com/hankcs/aho-corasick-double-array-trie/1.2.3/aho-corasick-double-array-trie-1.2.3.jar from central
Downloading: org/apache/lucene/lucene-analyzers-common/8.11.2/lucene-analyzers-common-8.11.2.jar from central
Downloading: org/apache/maven/maven-model-builder/3.9.4/maven-model-builder-3.9.4.jar from central
Downloading: com/h2database/h2/2.1.214/h2-2.1.214.jar from central
Downloading: org/apache/commons/commons-jcs-core/2.2.1/commons-jcs-core-2.2.1.jar from central
Downloading: org/codehaus/plexus/plexus-utils/4.0.0/plexus-utils-4.0.0.jar from central
Downloading: commons-io/commons-io/2.13.0/commons-io-2.13.0.jar from central
Downloading: org/apache/maven/maven-settings-builder/3.9.4/maven-settings-builder-3.9.4.jar from central
Downloading: org/owasp/dependency-check-core/8.4.0/dependency-check-core-8.4.0.jar from central
Downloading: com/vaadin/external/google/android-json/0.0.20131108.vaadin1/android-json-0.0.20131108.vaadin1.jar from central
Downloading: rm-hull/table/0.7.1/table-0.7.1.jar from clojars
Downloading: com/github/spullara/mustache/java/compiler/0.9.6/compiler-0.9.6.jar from central
Downloading: org/apache/velocity/velocity-engine-core/2.3/velocity-engine-core-2.3.jar from central
Downloading: com/fasterxml/jackson/core/jackson-core/2.15.2/jackson-core-2.15.2.jar from central
Downloading: org/yaml/snakeyaml/2.1/snakeyaml-2.1.jar from central
Downloading: commons-collections/commons-collections/3.2.2/commons-collections-3.2.2.jar from central
Downloading: org/apache/maven/maven-settings/3.9.4/maven-settings-3.9.4.jar from central
Downloading: trptcolin/versioneer/0.2.0/versioneer-0.2.0.jar from clojars
Downloading: org/owasp/dependency-check-utils/8.4.0/dependency-check-utils-8.4.0.jar from central
Downloading: org/apache/httpcomponents/httpcore/4.4.16/httpcore-4.4.16.jar from central
Downloading: org/apache/lucene/lucene-core/8.11.2/lucene-core-8.11.2.jar from central
Downloading: org/semver4j/semver4j/5.1.0/semver4j-5.1.0.jar from central
Downloading: org/slf4j/slf4j-simple/2.0.7/slf4j-simple-2.0.7.jar from central
Downloading: org/apache/maven/maven-core/3.9.4/maven-core-3.9.4.jar from central
Downloading: org/apache/lucene/lucene-queryparser/8.11.2/lucene-queryparser-8.11.2.jar from central
Downloading: org/eclipse/packager/packager-core/0.19.0/packager-core-0.19.0.jar from central
Downloading: org/bouncycastle/bcprov-jdk18on/1.71/bcprov-jdk18on-1.71.jar from central
Downloading: org/apache/maven/resolver/maven-resolver-api/1.9.15/maven-resolver-api-1.9.15.jar from central
Downloading: com/fasterxml/jackson/core/jackson-annotations/2.15.2/jackson-annotations-2.15.2.jar from central
Downloading: org/apache/maven/maven-resolver-provider/3.9.4/maven-resolver-provider-3.9.4.jar from central
Downloading: nvd-clojure/nvd-clojure/3.4.0/nvd-clojure-3.4.0.jar from clojars
Downloading: org/apache/commons/commons-text/1.10.0/commons-text-1.10.0.jar from central
Downloading: us/springett/cpe-parser/2.0.2/cpe-parser-2.0.2.jar from central
Downloading: org/apache/lucene/lucene-queries/8.11.2/lucene-queries-8.11.2.jar from central
Downloading: com/google/guava/guava/32.1.2-jre/guava-32.1.2-jre.jar from central
Downloading: org/apache/maven/resolver/maven-resolver-spi/1.9.15/maven-resolver-spi-1.9.15.jar from central
Downloading: org/sonatype/ossindex/ossindex-service-api/1.8.2/ossindex-service-api-1.8.2.jar from central
Downloading: commons-beanutils/commons-beanutils/1.9.4/commons-beanutils-1.9.4.jar from central
Downloading: org/codehaus/plexus/plexus-classworlds/2.7.0/plexus-classworlds-2.7.0.jar from central
Downloading: com/google/j2objc/j2objc-annotations/2.8/j2objc-annotations-2.8.jar from central
Downloading: org/apache/lucene/lucene-sandbox/8.11.2/lucene-sandbox-8.11.2.jar from central
Downloading: org/apache/httpcomponents/httpclient/4.5.14/httpclient-4.5.14.jar from central
Downloading: org/eclipse/jetty/jetty-client/12.0.0/jetty-client-12.0.0.jar from central
Downloading: org/checkerframework/checker-qual/3.33.0/checker-qual-3.33.0.jar from central
Downloading: org/eclipse/jetty/jetty-io/12.0.0/jetty-io-12.0.0.jar from central
Downloading: org/sonatype/ossindex/ossindex-service-client/1.8.2/ossindex-service-client-1.8.2.jar from central
Downloading: org/jsoup/jsoup/1.16.1/jsoup-1.16.1.jar from central
Downloading: org/apache/commons/commons-collections4/4.4/commons-collections4-4.4.jar from central
Downloading: org/apache/maven/resolver/maven-resolver-impl/1.9.15/maven-resolver-impl-1.9.15.jar from central
Downloading: org/apache/maven/maven-model/3.9.4/maven-model-3.9.4.jar from central
Downloading: org/apache/maven/resolver/maven-resolver-util/1.9.15/maven-resolver-util-1.9.15.jar from central
Downloading: com/moandjiezana/toml/toml4j/0.7.2/toml4j-0.7.2.jar from central
Downloading: org/apache/maven/resolver/maven-resolver-named-locks/1.9.15/maven-resolver-named-locks-1.9.15.jar from central
Downloading: org/apache/maven/maven-repository-metadata/3.9.4/maven-repository-metadata-3.9.4.jar from central
Downloading: com/github/package-url/packageurl-java/1.4.1/packageurl-java-1.4.1.jar from central
Downloading: org/apache/maven/maven-builder-support/3.9.4/maven-builder-support-3.9.4.jar from central
Downloading: javax/ws/rs/javax.ws.rs-api/2.0.1/javax.ws.rs-api-2.0.1.jar from central
Downloading: org/sonatype/goodies/package-url-java/1.1.1/package-url-java-1.1.1.jar from central
Downloading: org/whitesource/pecoff4j/0.0.2.1/pecoff4j-0.0.2.1.jar from central
Downloading: org/apache/maven/maven-plugin-api/3.9.4/maven-plugin-api-3.9.4.jar from central
Downloading: org/glassfish/javax.json/1.1.4/javax.json-1.1.4.jar from central
Downloading: org/apache/maven/maven-artifact/3.9.4/maven-artifact-3.9.4.jar from central
Downloading: javax/xml/bind/jaxb-api/2.3.1/jaxb-api-2.3.1.jar from central
Downloading: com/google/code/gson/gson/2.9.0/gson-2.9.0.jar from central
[2023-08-29 02:42:57.357] INFO nvd-clojure - User-provided config: {:delete-config? false, :group "com.github.pmonks", :name "pbr", :version "2.0.328", :nvd {:output-dir "../target/nvd"}}
[2023-08-29 02:42:57.558] INFO CompositeCacheManager - Instance is null, returning unconfigured instance
[2023-08-29 02:42:58.127] INFO ThreadPoolManager - thread_pool.default PoolConfiguration = useBoundary = [false] boundarySize = [2000] maximumPoolSize = [150] minimumPoolSize = [4] keepAliveTime = [300000] whenBlockedPolicy = [RUN] startUpSize = [4]
[2023-08-29 02:42:58.127] INFO CompositeCacheManager - Setting default auxiliaries to ODC
[2023-08-29 02:42:58.200] INFO CompositeCacheManager - setting defaultCompositeCacheAttributes to [ useLateral = true, useRemote = true, useDisk = true, maxObjs = 0, maxSpoolPerRun = -1, diskUsagePattern = UPDATE, spoolChunkSize = 2 ]
[2023-08-29 02:42:58.202] INFO CompositeCacheManager - setting defaultElementAttributes to [ IS_LATERAL = false, IS_SPOOL = true, IS_REMOTE = false, IS_ETERNAL = false, MaxLifeSeconds = 86400, IdleTime = 1800, CreateTime = 1693276978201, LastAccessTime = 1693276978201, getTimeToLiveSeconds() = 86399, createTime = 1693276978201 ]
[2023-08-29 02:42:58.207] INFO AbstractDoubleLinkedListMemoryCache - initialized MemoryCache for CENTRAL
[2023-08-29 02:42:58.208] INFO CompositeCache - Constructed cache with name [CENTRAL] and cache attributes [ useLateral = true, useRemote = true, useDisk = true, maxObjs = 0, maxSpoolPerRun = -1, diskUsagePattern = UPDATE, spoolChunkSize = 2 ]
[2023-08-29 02:42:58.213] INFO AuxiliaryCacheConfigurator - No cache event logger defined for auxiliary [jcs.auxiliary.ODC]
[2023-08-29 02:42:58.220] INFO AuxiliaryCacheConfigurator - Using standard serializer [org.apache.commons.jcs.utils.serialization.StandardSerializer@9accff0] for auxiliary [jcs.auxiliary.ODC]
[2023-08-29 02:42:58.233] INFO ThreadPoolManager - thread_pool.disk_cache_event_queue PoolConfiguration = useBoundary = [false] boundarySize = [2000] maximumPoolSize = [150] minimumPoolSize = [4] keepAliveTime = [300000] whenBlockedPolicy = [RUN] startUpSize = [4]
[2023-08-29 02:42:58.236] INFO IndexedDiskCache - Region [CENTRAL] Cache file root directory: /home/runner/.m2/repository/org/owasp/dependency-check-utils/8.4.0/data/7.0/cache
[2023-08-29 02:42:58.237] INFO IndexedDiskCache - Region [CENTRAL] Set maxKeySize to: '1000000'
[2023-08-29 02:42:58.238] INFO IndexedDiskCache - Region [CENTRAL] Indexed Disk Cache is alive.
[2023-08-29 02:42:58.239] INFO AbstractDoubleLinkedListMemoryCache - initialized MemoryCache for POM
[2023-08-29 02:42:58.239] INFO CompositeCache - Constructed cache with name [POM] and cache attributes [ useLateral = true, useRemote = true, useDisk = true, maxObjs = 0, maxSpoolPerRun = -1, diskUsagePattern = UPDATE, spoolChunkSize = 2 ]
[2023-08-29 02:42:58.240] INFO AuxiliaryCacheConfigurator - No cache event logger defined for auxiliary [jcs.auxiliary.ODC]
[2023-08-29 02:42:58.240] INFO AuxiliaryCacheConfigurator - Using standard serializer [org.apache.commons.jcs.utils.serialization.StandardSerializer@22d7fd41] for auxiliary [jcs.auxiliary.ODC]
[2023-08-29 02:42:58.240] INFO IndexedDiskCache - Region [POM] Cache file root directory: /home/runner/.m2/repository/org/owasp/dependency-check-utils/8.4.0/data/7.0/cache
[2023-08-29 02:42:58.241] INFO IndexedDiskCache - Region [POM] Set maxKeySize to: '1000000'
[2023-08-29 02:42:58.241] INFO IndexedDiskCache - Region [POM] Indexed Disk Cache is alive.
[2023-08-29 02:42:58.241] INFO AbstractDoubleLinkedListMemoryCache - initialized MemoryCache for NODEAUDIT
[2023-08-29 02:42:58.241] INFO CompositeCache - Constructed cache with name [NODEAUDIT] and cache attributes [ useLateral = true, useRemote = true, useDisk = true, maxObjs = 0, maxSpoolPerRun = -1, diskUsagePattern = UPDATE, spoolChunkSize = 2 ]
[2023-08-29 02:42:58.242] INFO AuxiliaryCacheConfigurator - No cache event logger defined for auxiliary [jcs.auxiliary.ODC]
[2023-08-29 02:42:58.242] INFO AuxiliaryCacheConfigurator - Using standard serializer [org.apache.commons.jcs.utils.serialization.StandardSerializer@2c748a15] for auxiliary [jcs.auxiliary.ODC]
[2023-08-29 02:42:58.242] INFO IndexedDiskCache - Region [NODEAUDIT] Cache file root directory: /home/runner/.m2/repository/org/owasp/dependency-check-utils/8.4.0/data/7.0/cache
[2023-08-29 02:42:58.242] INFO IndexedDiskCache - Region [NODEAUDIT] Set maxKeySize to: '1000000'
[2023-08-29 02:42:58.242] INFO IndexedDiskCache - Region [NODEAUDIT] Indexed Disk Cache is alive.
[2023-08-29 02:42:58.243] INFO CompositeCacheConfigurator - Parsed regions [CENTRAL, POM, NODEAUDIT]
[2023-08-29 02:42:58.243] INFO CompositeCacheManager - Finished configuration in 116 ms.
[2023-08-29 02:42:58.244] WARN NexusAnalyzer - Disabling Nexus analyzer - please specify the URL to a Nexus Server
[2023-08-29 02:42:59.361] INFO Engine - Checking for updates
[2023-08-29 02:43:00.120] INFO NvdCveUpdater - NVD CVE requires several updates; this could take a couple of minutes.
[2023-08-29 02:43:04.124] INFO DownloadTask - Download Started for NVD CVE - 2002
[2023-08-29 02:43:04.524] INFO DownloadTask - Download Complete for NVD CVE - 2002  (400 ms)
[2023-08-29 02:43:04.527] INFO ProcessTask - Processing Started for NVD CVE - 2002
[2023-08-29 02:43:08.527] INFO DownloadTask - Download Started for NVD CVE - 2003
[2023-08-29 02:43:08.860] INFO DownloadTask - Download Complete for NVD CVE - 2003  (332 ms)
[2023-08-29 02:43:08.867] INFO ProcessTask - Processing Started for NVD CVE - 2003
[2023-08-29 02:43:12.143] INFO ProcessTask - Processing Complete for NVD CVE - 2003  (3276 ms)
[2023-08-29 02:43:12.867] INFO DownloadTask - Download Started for NVD CVE - 2004
[2023-08-29 02:43:13.226] INFO DownloadTask - Download Complete for NVD CVE - 2004  (359 ms)
[2023-08-29 02:43:13.228] INFO ProcessTask - Processing Started for NVD CVE - 2004
[2023-08-29 02:43:13.607] INFO ProcessTask - Processing Complete for NVD CVE - 2002  (9080 ms)
[2023-08-29 02:43:15.890] INFO ProcessTask - Processing Complete for NVD CVE - 2004  (2661 ms)
[2023-08-29 02:43:17.229] INFO DownloadTask - Download Started for NVD CVE - 2005
[2023-08-29 02:43:17.619] INFO DownloadTask - Download Complete for NVD CVE - 2005  (390 ms)
[2023-08-29 02:43:17.621] INFO ProcessTask - Processing Started for NVD CVE - 2005
[2023-08-29 02:43:21.041] INFO ProcessTask - Processing Complete for NVD CVE - 2005  (3420 ms)
[2023-08-29 02:43:21.622] INFO DownloadTask - Download Started for NVD CVE - 2006
[2023-08-29 02:43:22.014] INFO DownloadTask - Download Complete for NVD CVE - 2006  (392 ms)
[2023-08-29 02:43:22.016] INFO ProcessTask - Processing Started for NVD CVE - 2006
[2023-08-29 02:43:26.017] INFO DownloadTask - Download Started for NVD CVE - 2007
[2023-08-29 02:43:26.406] INFO ProcessTask - Processing Complete for NVD CVE - 2006  (4390 ms)
[2023-08-29 02:43:26.436] INFO DownloadTask - Download Complete for NVD CVE - 2007  (419 ms)
[2023-08-29 02:43:26.439] INFO ProcessTask - Processing Started for NVD CVE - 2007
[2023-08-29 02:43:29.987] INFO ProcessTask - Processing Complete for NVD CVE - 2007  (3548 ms)
[2023-08-29 02:43:30.439] INFO DownloadTask - Download Started for NVD CVE - 2008
[2023-08-29 02:43:31.054] INFO DownloadTask - Download Complete for NVD CVE - 2008  (615 ms)
[2023-08-29 02:43:31.057] INFO ProcessTask - Processing Started for NVD CVE - 2008
[2023-08-29 02:43:35.062] INFO DownloadTask - Download Started for NVD CVE - 2009
[2023-08-29 02:43:35.489] INFO DownloadTask - Download Complete for NVD CVE - 2009  (427 ms)
[2023-08-29 02:43:35.491] INFO ProcessTask - Processing Started for NVD CVE - 2009
[2023-08-29 02:43:35.495] INFO ProcessTask - Processing Complete for NVD CVE - 2008  (4438 ms)
[2023-08-29 02:43:39.500] INFO DownloadTask - Download Started for NVD CVE - 2010
[2023-08-29 02:43:39.948] INFO DownloadTask - Download Complete for NVD CVE - 2010  (448 ms)
[2023-08-29 02:43:39.951] INFO ProcessTask - Processing Started for NVD CVE - 2010
[2023-08-29 02:43:40.195] INFO ProcessTask - Processing Complete for NVD CVE - 2009  (4704 ms)
[2023-08-29 02:43:43.961] INFO DownloadTask - Download Started for NVD CVE - 2011
[2023-08-29 02:43:44.351] INFO DownloadTask - Download Complete for NVD CVE - 2011  (390 ms)
[2023-08-29 02:43:44.354] INFO ProcessTask - Processing Started for NVD CVE - 2011
[2023-08-29 02:43:44.890] INFO ProcessTask - Processing Complete for NVD CVE - 2010  (4939 ms)
[2023-08-29 02:43:48.364] INFO DownloadTask - Download Started for NVD CVE - 2012
[2023-08-29 02:43:48.781] INFO DownloadTask - Download Complete for NVD CVE - 2012  (417 ms)
[2023-08-29 02:43:48.784] INFO ProcessTask - Processing Started for NVD CVE - 2012
[2023-08-29 02:43:50.775] INFO ProcessTask - Processing Complete for NVD CVE - 2011  (6421 ms)
[2023-08-29 02:43:52.799] INFO DownloadTask - Download Started for NVD CVE - 2013
[2023-08-29 02:43:53.259] INFO DownloadTask - Download Complete for NVD CVE - 2013  (460 ms)
[2023-08-29 02:43:53.261] INFO ProcessTask - Processing Started for NVD CVE - 2013
[2023-08-29 02:43:56.551] INFO ProcessTask - Processing Complete for NVD CVE - 2012  (7767 ms)
[2023-08-29 02:43:57.268] INFO DownloadTask - Download Started for NVD CVE - 2014
[2023-08-29 02:43:57.690] INFO DownloadTask - Download Complete for NVD CVE - 2014  (422 ms)
[2023-08-29 02:43:57.694] INFO ProcessTask - Processing Started for NVD CVE - 2014
[2023-08-29 02:44:01.696] INFO DownloadTask - Download Started for NVD CVE - 2015
[2023-08-29 02:44:02.259] INFO ProcessTask - Processing Complete for NVD CVE - 2013  (8998 ms)
[2023-08-29 02:44:02.439] INFO DownloadTask - Download Complete for NVD CVE - 2015  (742 ms)
[2023-08-29 02:44:02.441] INFO ProcessTask - Processing Started for NVD CVE - 2015
[2023-08-29 02:44:06.441] INFO DownloadTask - Download Started for NVD CVE - 2016
[2023-08-29 02:44:06.531] INFO ProcessTask - Processing Complete for NVD CVE - 2014  (8837 ms)
[2023-08-29 02:44:06.935] INFO DownloadTask - Download Complete for NVD CVE - 2016  (494 ms)
[2023-08-29 02:44:06.938] INFO ProcessTask - Processing Started for NVD CVE - 2016
[2023-08-29 02:44:08.973] INFO ProcessTask - Processing Complete for NVD CVE - 2015  (6532 ms)
[2023-08-29 02:44:10.968] INFO DownloadTask - Download Started for NVD CVE - 2017
[2023-08-29 02:44:11.442] INFO DownloadTask - Download Complete for NVD CVE - 2017  (474 ms)
[2023-08-29 02:44:11.447] INFO ProcessTask - Processing Started for NVD CVE - 2017
[2023-08-29 02:44:12.400] INFO ProcessTask - Processing Complete for NVD CVE - 2016  (5462 ms)
[2023-08-29 02:44:15.447] INFO DownloadTask - Download Started for NVD CVE - 2018
[2023-08-29 02:44:16.001] INFO DownloadTask - Download Complete for NVD CVE - 2018  (554 ms)
[2023-08-29 02:44:16.005] INFO ProcessTask - Processing Started for NVD CVE - 2018
[2023-08-29 02:44:17.784] INFO ProcessTask - Processing Complete for NVD CVE - 2017  (6337 ms)
[2023-08-29 02:44:20.005] INFO DownloadTask - Download Started for NVD CVE - 2019
[2023-08-29 02:44:20.466] INFO DownloadTask - Download Complete for NVD CVE - 2019  (460 ms)
[2023-08-29 02:44:20.471] INFO ProcessTask - Processing Started for NVD CVE - 2019
[2023-08-29 02:44:22.344] INFO ProcessTask - Processing Complete for NVD CVE - 2018  (6339 ms)
[2023-08-29 02:44:24.471] INFO DownloadTask - Download Started for NVD CVE - 2020
[2023-08-29 02:44:25.064] INFO DownloadTask - Download Complete for NVD CVE - 2020  (593 ms)
[2023-08-29 02:44:25.070] INFO ProcessTask - Processing Started for NVD CVE - 2020
[2023-08-29 02:44:27.162] INFO ProcessTask - Processing Complete for NVD CVE - 2019  (6691 ms)
[2023-08-29 02:44:29.080] INFO DownloadTask - Download Started for NVD CVE - 2021
[2023-08-29 02:44:29.671] INFO DownloadTask - Download Complete for NVD CVE - 2021  (590 ms)
[2023-08-29 02:44:29.681] INFO ProcessTask - Processing Started for NVD CVE - 2021
[2023-08-29 02:44:32.697] INFO ProcessTask - Processing Complete for NVD CVE - 2020  (7627 ms)
[2023-08-29 02:44:33.693] INFO DownloadTask - Download Started for NVD CVE - 2022
[2023-08-29 02:44:34.296] INFO DownloadTask - Download Complete for NVD CVE - 2022  (603 ms)
[2023-08-29 02:44:34.306] INFO ProcessTask - Processing Started for NVD CVE - 2022
[2023-08-29 02:44:38.318] INFO DownloadTask - Download Started for NVD CVE - 2023
[2023-08-29 02:44:38.770] INFO DownloadTask - Download Complete for NVD CVE - 2023  (452 ms)
[2023-08-29 02:44:38.860] INFO ProcessTask - Processing Complete for NVD CVE - 2021  (9179 ms)
[2023-08-29 02:44:38.860] INFO ProcessTask - Processing Started for NVD CVE - 2023
[2023-08-29 02:44:44.298] INFO ProcessTask - Processing Complete for NVD CVE - 2022  (9992 ms)
[2023-08-29 02:44:44.542] INFO ProcessTask - Processing Complete for NVD CVE - 2023  (5682 ms)
[2023-08-29 02:44:48.543] INFO DownloadTask - Download Started for NVD CVE - Modified
[2023-08-29 02:44:48.843] INFO DownloadTask - Download Complete for NVD CVE - Modified  (300 ms)
[2023-08-29 02:44:48.844] INFO ProcessTask - Processing Started for NVD CVE - Modified
[2023-08-29 02:44:49.490] INFO ProcessTask - Processing Complete for NVD CVE - Modified  (646 ms)
[2023-08-29 02:44:49.788] INFO CveDB - Begin database maintenance
[2023-08-29 02:45:03.858] INFO CveDB - Updated the CPE ecosystem on 135111 NVD records
[2023-08-29 02:45:05.293] INFO CveDB - Removed the CPE ecosystem on 3900 NVD records
[2023-08-29 02:45:06.038] INFO CveDB - End database maintenance (16250 ms)
[2023-08-29 02:45:06.226] INFO KnownExploitedDataSource - Updating CISA Known Exploited Vulnerability list: https://www.cisa.gov/sites/default/files/feeds/known_exploited_vulnerabilities.json
[2023-08-29 02:45:06.504] INFO CveDB - Begin database defrag
[2023-08-29 02:45:10.914] INFO CveDB - End database defrag (4415 ms)
[2023-08-29 02:45:10.915] INFO Engine - Check for updates complete (131554 ms)
[2023-08-29 02:45:11.072] INFO Engine - 

Dependency-Check is an open source tool performing a best effort analysis of 3rd party dependencies; false positives and false negatives may exist in the analysis performed by the tool. Use of the tool and the reporting provided constitutes acceptance for use in an AS IS condition, and there are NO warranties, implied or otherwise, with regard to the analysis or its use. Any use of the tool and the reporting provided is at the user’s risk. In no event shall the copyright holder or OWASP be held liable for any damages whatsoever arising out of or in connection with the use of this tool, the analysis performed, or the resulting report.


   About ODC: https://jeremylong.github.io/DependencyCheck/general/internals.html
   False Positives: https://jeremylong.github.io/DependencyCheck/general/suppression.html

💖 Sponsor: https://github.com/sponsors/jeremylong


[2023-08-29 02:45:11.072] INFO Engine - Analysis Started
[2023-08-29 02:45:12.123] INFO Engine - Finished Archive Analyzer (1 seconds)
[2023-08-29 02:45:12.152] INFO Engine - Finished File Name Analyzer (0 seconds)
[2023-08-29 02:45:13.561] INFO Engine - Finished Jar Analyzer (1 seconds)
[2023-08-29 02:45:14.322] INFO Engine - Finished Central Analyzer (0 seconds)
[2023-08-29 02:45:14.347] INFO Engine - Finished Dependency Merging Analyzer (0 seconds)
[2023-08-29 02:45:14.797] INFO Engine - Finished Hint Analyzer (0 seconds)
[2023-08-29 02:45:14.805] INFO Engine - Finished Version Filter Analyzer (0 seconds)
[2023-08-29 02:45:17.153] INFO CPEAnalyzer - Created CPE Index (2 seconds)
[2023-08-29 02:45:20.496] INFO Engine - Finished CPE Analyzer (5 seconds)
[2023-08-29 02:45:20.516] INFO Engine - Finished False Positive Analyzer (0 seconds)
[2023-08-29 02:45:20.605] INFO Engine - Finished NVD CVE Analyzer (0 seconds)
[2023-08-29 02:45:21.864] INFO Engine - Finished Sonatype OSS Index Analyzer (1 seconds)
[2023-08-29 02:45:21.888] INFO Engine - Finished Vulnerability Suppression Analyzer (0 seconds)
[2023-08-29 02:45:21.895] INFO Engine - Finished Known Exploited Vulnerability Analyzer (0 seconds)
[2023-08-29 02:45:21.936] INFO Engine - Finished Dependency Bundling Analyzer (0 seconds)
[2023-08-29 02:45:21.942] INFO Engine - Finished Unused Suppression Rule Analyzer (0 seconds)
[2023-08-29 02:45:22.164] INFO Engine - Analysis Complete (11 seconds)
[2023-08-29 02:45:22.224] INFO ReportGenerator - Writing report to: /home/runner/work/pbr/pbr/.nvd/../target/nvd/dependency-check-report.xml
[2023-08-29 02:45:22.779] INFO ReportGenerator - Writing report to: /home/runner/work/pbr/pbr/.nvd/../target/nvd/dependency-check-report.html
[2023-08-29 02:45:23.322] INFO ReportGenerator - Writing report to: /home/runner/work/pbr/pbr/.nvd/../target/nvd/dependency-check-report.json
[2023-08-29 02:45:23.572] INFO ReportGenerator - Writing report to: /home/runner/work/pbr/pbr/.nvd/../target/nvd/dependency-check-report.csv
[2023-08-29 02:45:23.594] INFO ReportGenerator - Writing report to: /home/runner/work/pbr/pbr/.nvd/../target/nvd/dependency-check-report.sarif
[2023-08-29 02:45:23.658] INFO ReportGenerator - Writing report to: /home/runner/work/pbr/pbr/.nvd/../target/nvd/dependency-check-jenkins.html
[2023-08-29 02:45:23.728] INFO ReportGenerator - Writing report to: /home/runner/work/pbr/pbr/.nvd/../target/nvd/dependency-check-junit.xml
[2023-08-29 02:45:23.835] INFO CompositeCacheManager - Shutdown hook activated.  Shutdown was not called.  Shutting down JCS.
[2023-08-29 02:45:23.836] INFO ElementEventQueue - Element event queue destroyed: org.apache.commons.jcs.engine.control.event.ElementEventQueue@e25a4b2
[2023-08-29 02:45:23.836] INFO CompositeCache - In DISPOSE, [NODEAUDIT] fromRemote [false]
[2023-08-29 02:45:23.836] INFO CompositeCache - In DISPOSE, [NODEAUDIT] auxiliary [NODEAUDIT]
[2023-08-29 02:45:23.836] INFO CompositeCache - In DISPOSE, [NODEAUDIT] put 0 into auxiliary NODEAUDIT
[2023-08-29 02:45:23.941] INFO AbstractDiskCache - No longer waiting for event queue to finish: Pooled Cache Event Queue
Working = true
Alive = false
Empty = true
Queue Size = 0
Queue Capacity = 2147483647
Pool Size = 0
Maximum Pool Size = 150
[2023-08-29 02:45:23.942] INFO AbstractDiskCache - In dispose, destroying event queue.
[2023-08-29 02:45:23.942] INFO IndexedDiskCache - Region [NODEAUDIT] Saving keys to: NODEAUDIT, key count: 0
[2023-08-29 02:45:23.943] INFO IndexedDiskCache - Region [NODEAUDIT] Finished saving keys.
[2023-08-29 02:45:23.943] INFO IndexedDiskCache - Region [NODEAUDIT] Shutdown complete.
[2023-08-29 02:45:23.943] INFO CompositeCache - In DISPOSE, [NODEAUDIT] disposing of memory cache.
[2023-08-29 02:45:23.943] INFO AbstractMemoryCache - Memory Cache dispose called.
[2023-08-29 02:45:23.943] INFO CompositeCache - In DISPOSE, [CENTRAL] fromRemote [false]
[2023-08-29 02:45:23.943] INFO CompositeCache - In DISPOSE, [CENTRAL] auxiliary [CENTRAL]
[2023-08-29 02:45:23.943] INFO CompositeCache - In DISPOSE, [CENTRAL] put 0 into auxiliary CENTRAL
[2023-08-29 02:45:24.043] INFO AbstractDiskCache - No longer waiting for event queue to finish: Pooled Cache Event Queue
Working = true
Alive = false
Empty = true
Queue Size = 0
Queue Capacity = 2147483647
Pool Size = 0
Maximum Pool Size = 150
[2023-08-29 02:45:24.044] INFO AbstractDiskCache - In dispose, destroying event queue.
[2023-08-29 02:45:24.044] INFO IndexedDiskCache - Region [CENTRAL] Saving keys to: CENTRAL, key count: 1
[2023-08-29 02:45:24.046] INFO IndexedDiskCache - Region [CENTRAL] Finished saving keys.
[2023-08-29 02:45:24.046] INFO IndexedDiskCache - Region [CENTRAL] Shutdown complete.
[2023-08-29 02:45:24.046] INFO CompositeCache - In DISPOSE, [CENTRAL] disposing of memory cache.
[2023-08-29 02:45:24.046] INFO AbstractMemoryCache - Memory Cache dispose called.
[2023-08-29 02:45:24.047] INFO CompositeCache - In DISPOSE, [POM] fromRemote [false]
[2023-08-29 02:45:24.047] INFO CompositeCache - In DISPOSE, [POM] auxiliary [POM]
[2023-08-29 02:45:24.047] INFO CompositeCache - In DISPOSE, [POM] put 0 into auxiliary POM
[2023-08-29 02:45:24.147] INFO AbstractDiskCache - No longer waiting for event queue to finish: Pooled Cache Event Queue
Working = true
Alive = false
Empty = true
Queue Size = 0
Queue Capacity = 2147483647
Pool Size = 0
Maximum Pool Size = 150
[2023-08-29 02:45:24.148] INFO AbstractDiskCache - In dispose, destroying event queue.
[2023-08-29 02:45:24.148] INFO IndexedDiskCache - Region [POM] Saving keys to: POM, key count: 1
[2023-08-29 02:45:24.149] INFO IndexedDiskCache - Region [POM] Finished saving keys.
[2023-08-29 02:45:24.149] INFO IndexedDiskCache - Region [POM] Shutdown complete.
[2023-08-29 02:45:24.149] INFO CompositeCache - In DISPOSE, [POM] disposing of memory cache.
[2023-08-29 02:45:24.149] INFO AbstractMemoryCache - Memory Cache dispose called.
